2025-05-11 22:59:47.039 [Thread-0] INFO  SecurityLogger - AR_SERVER_STARTED
2025-05-11 22:59:53.783 [Thread-1] INFO  SecurityLogger - REGISTRO_COMPLETO: 11
2025-05-11 22:59:53.784 [Thread-1] INFO  SecurityLogger - CERTIFICATE_ISSUED: 11
2025-05-11 22:59:57.076 [main] INFO  SecurityLogger - VALIDACAO_CERTIFICADO_SUCESSO: 11
2025-05-11 23:01:25.608 [main] INFO  SecurityLogger - REGISTRO_COMPLETO: eleitor1
2025-05-11 23:01:25.645 [main] INFO  SecurityLogger - REGISTRO_COMPLETO: eleitor1
2025-05-11 23:01:25.645 [main] INFO  SecurityLogger - VALIDACAO_CERTIFICADO_SUCESSO: eleitor1
2025-05-11 23:01:25.739 [main] INFO  SecurityLogger - REGISTRO_COMPLETO: eleitor1
2025-05-11 23:01:25.818 [main] INFO  SecurityLogger - REGISTRO_COMPLETO: eleitor3
2025-05-11 23:01:25.819 [main] WARN  SecurityLogger - CERTIFICADO_REVOGADO: eleitor3
2025-05-11 23:14:04.468 [Thread-0] INFO  SecurityLogger - AR_SERVER_STARTED
2025-05-11 23:14:12.480 [Thread-1] INFO  SecurityLogger - REGISTRO_COMPLETO: 11
2025-05-11 23:14:12.481 [Thread-1] INFO  SecurityLogger - CERTIFICATE_ISSUED: 11
2025-05-11 23:14:14.924 [main] INFO  SecurityLogger - VALIDACAO_CERTIFICADO_SUCESSO: 11
2025-05-11 23:15:26.663 [Thread-0] INFO  SecurityLogger - AR_SERVER_STARTED
2025-05-11 23:15:35.418 [Thread-1] INFO  SecurityLogger - REGISTRO_COMPLETO: 2
2025-05-11 23:15:35.419 [Thread-1] INFO  SecurityLogger - CERTIFICATE_ISSUED: 2
2025-05-11 23:15:49.332 [Thread-2] INFO  SecurityLogger - REGISTRO_COMPLETO: 34
2025-05-11 23:15:49.333 [Thread-2] INFO  SecurityLogger - CERTIFICATE_ISSUED: 34
2025-05-11 23:15:51.924 [main] INFO  SecurityLogger - VALIDACAO_CERTIFICADO_SUCESSO: 34
2025-05-11 23:16:08.855 [Thread-3] INFO  SecurityLogger - REGISTRO_COMPLETO: 39
2025-05-11 23:16:08.855 [Thread-3] INFO  SecurityLogger - CERTIFICATE_ISSUED: 39
